<?xml version="1.0" encoding="UTF-8"?>
<!-- Generated by org.testng.reporters.JUnitReportReporter -->
<testsuite hostname="LAPTOP-HU9O1TEC" failures="0" tests="2" name="com.page.testcases.LoginPageTest" time="15.517" errors="0" timestamp="2022-01-07T15:28:47 IST" skipped="0">
  <testcase classname="com.page.testcases.LoginPageTest" name="verifyLogin" time="10.811"/>
  <system-out/>
  <testcase classname="com.page.testcases.LoginPageTest" name="verifyLogo" time="4.706"/>
  <system-out/>
</testsuite> <!-- com.page.testcases.LoginPageTest -->
